<?xml version="1.0" encoding="UTF-8"?>
<!-- Generated by org.testng.reporters.JUnitReportReporter -->
<testsuite skipped="0" hostname="MAVRLT1006" name="com.daniel.workspace.Addition" tests="3" failures="0" timestamp="2020-07-01T17:29:55 IST" time="18.486" errors="0">
  <testcase name="testMethod1" time="9.467" classname="com.daniel.workspace.Addition"/>
  <system-out/>
  <testcase name="testMethod1" time="4.827" classname="com.daniel.workspace.Addition"/>
  <system-out/>
  <testcase name="testMethod1" time="4.192" classname="com.daniel.workspace.Addition"/>
  <system-out/>
</testsuite> <!-- com.daniel.workspace.Addition -->
