<?xml version="1.0" encoding="UTF-8"?>
<!-- Generated by org.testng.reporters.JUnitReportReporter -->
<testsuite skipped="0" hostname="MAVRLT1006" name="com.daniel.workspace.DifferenceOfTwoNumbers" tests="3" failures="0" timestamp="2020-07-01T17:29:55 IST" time="16.939" errors="0">
  <testcase name="testMethod1" time="7.345" classname="com.daniel.workspace.DifferenceOfTwoNumbers"/>
  <system-out/>
  <testcase name="testMethod1" time="4.316" classname="com.daniel.workspace.DifferenceOfTwoNumbers"/>
  <system-out/>
  <testcase name="testMethod1" time="5.278" classname="com.daniel.workspace.DifferenceOfTwoNumbers"/>
  <system-out/>
</testsuite> <!-- com.daniel.workspace.DifferenceOfTwoNumbers -->
