<?xml version="1.0" encoding="UTF-8"?>
<!-- Generated by org.testng.reporters.JUnitReportReporter -->
<testsuite skipped="0" hostname="MAVRLT1006" name="com.daniel.workspace.Multiplication" tests="1" failures="0" timestamp="2020-07-01T17:29:55 IST" time="7.390" errors="0">
  <testcase name="testMethod1" time="7.390" classname="com.daniel.workspace.Multiplication"/>
  <system-out/>
</testsuite> <!-- com.daniel.workspace.Multiplication -->
