<?xml version="1.0" encoding="UTF-8"?>
<!-- Generated by org.testng.reporters.JUnitReportReporter -->
<testsuite skipped="0" hostname="MAVRLT1006" name="com.internetapp.tests.LoginOpenAir" tests="1" failures="0" timestamp="2020-07-01T09:27:59 IST" time="31.881" errors="0">
  <testcase name="moveToOpenAir" time="31.881" classname="com.internetapp.tests.LoginOpenAir"/>
  <system-out>
01-Jul-2020 09:27:37 AM : <a target=_blank href=screenshots/screenshot_1.png>login  </a> 01-Jul-2020 09:27:37 AM : sample log 01-Jul-2020 09:27:38 AM : <a target=_blank href=screenshots/screenshot_2.png>The Data :danielf@maveric-systems.com entered Successfully  </a> 01-Jul-2020 09:27:39 AM : <a target=_blank href=screenshots/screenshot_3.png>The Element  clicked  </a> 01-Jul-2020 09:27:54 AM : <a target=_blank href=screenshots/screenshot_4.png>The Data :Mavjul@123 entered Successfully  </a> 01-Jul-2020 09:27:57 AM : <a target=_blank href=screenshots/screenshot_5.png>The Element  clicked  </a>  </system-out>
</testsuite> <!-- com.internetapp.tests.LoginOpenAir -->
