<?xml version="1.0" encoding="UTF-8"?>
<!-- Generated by org.testng.reporters.JUnitReportReporter -->
<testsuite skipped="0" hostname="MAVRLT1006" name="com.daniel.workspace.Addition" tests="3" failures="0" timestamp="2020-06-28T12:41:19 IST" time="17.542" errors="0">
  <testcase name="testMethod1" time="6.865" classname="com.daniel.workspace.Addition"/>
  <system-out/>
  <testcase name="testMethod1" time="5.388" classname="com.daniel.workspace.Addition"/>
  <system-out/>
  <testcase name="testMethod1" time="5.289" classname="com.daniel.workspace.Addition"/>
  <system-out/>
</testsuite> <!-- com.daniel.workspace.Addition -->
