<?xml version="1.0" encoding="UTF-8"?>
<!-- Generated by org.testng.reporters.JUnitReportReporter -->
<testsuite skipped="0" hostname="MAVRLT1006" name="com.internetapp.tests.reports.TestNG_ReportsAndLogs" tests="3" failures="0" timestamp="2020-06-28T12:26:41 IST" time="0.028" errors="0">
  <testcase name="testMethod3" time="0.000" classname="com.internetapp.tests.reports.TestNG_ReportsAndLogs"/>
  <system-out>
TestNG_ReportsAndLogs -> testMethod3  </system-out>
  <testcase name="testMethod1" time="0.000" classname="com.internetapp.tests.reports.TestNG_ReportsAndLogs"/>
  <system-out>
TestNG_ReportsAndLogs -> testMethod1  </system-out>
  <testcase name="testMethod2" time="0.028" classname="com.internetapp.tests.reports.TestNG_ReportsAndLogs"/>
  <system-out>
TestNG_ReportsAndLogs -> testMethod2  </system-out>
</testsuite> <!-- com.internetapp.tests.reports.TestNG_ReportsAndLogs -->
