<?xml version="1.0" encoding="UTF-8"?>
<!-- Generated by org.testng.reporters.JUnitReportReporter -->
<testsuite skipped="0" hostname="MAVRLT1006" name="com.internetapp.tests.dataProviders.TestNG_DataProviders" tests="3" failures="0" timestamp="2020-06-27T18:57:09 IST" time="0.016" errors="0">
  <testcase name="testMethod1" time="0.000" classname="com.internetapp.tests.dataProviders.TestNG_DataProviders"/>
  <system-out/>
  <testcase name="testMethod1" time="0.012" classname="com.internetapp.tests.dataProviders.TestNG_DataProviders"/>
  <system-out/>
  <testcase name="testMethod1" time="0.004" classname="com.internetapp.tests.dataProviders.TestNG_DataProviders"/>
  <system-out/>
</testsuite> <!-- com.internetapp.tests.dataProviders.TestNG_DataProviders -->
