<?xml version="1.0" encoding="UTF-8"?>
<!-- Generated by org.testng.reporters.JUnitReportReporter -->
<testsuite skipped="0" hostname="MAVRLT1006" name="com.daniel.workspace.DifferenceOfTwoNumbers" tests="3" failures="0" timestamp="2020-06-28T12:41:19 IST" time="16.642" errors="0">
  <testcase name="testMethod1" time="6.241" classname="com.daniel.workspace.DifferenceOfTwoNumbers"/>
  <system-out/>
  <testcase name="testMethod1" time="5.588" classname="com.daniel.workspace.DifferenceOfTwoNumbers"/>
  <system-out/>
  <testcase name="testMethod1" time="4.813" classname="com.daniel.workspace.DifferenceOfTwoNumbers"/>
  <system-out/>
</testsuite> <!-- com.daniel.workspace.DifferenceOfTwoNumbers -->
