<?xml version="1.0" encoding="UTF-8"?>
<!-- Generated by org.testng.reporters.JUnitReportReporter -->
<testsuite skipped="0" hostname="MAVRLT1006" name="com.internetapp.tests.Login" tests="2" failures="0" timestamp="2020-06-27T15:47:00 IST" time="38.058" errors="0">
  <testcase name="verifyLoginWithValidCredentials" time="17.461" classname="com.internetapp.tests.Login"/>
  <system-out>
27-Jun-2020 03:46:52 PM : <a target=_blank href=screenshots/screenshot_4.png>login  </a> 27-Jun-2020 03:46:52 PM : sample log 27-Jun-2020 03:46:55 PM : <a target=_blank href=screenshots/screenshot_5.png>login successful  </a> 27-Jun-2020 03:46:55 PM : <a target=_blank href=screenshots/screenshot_6.png>assert  </a> 27-Jun-2020 03:46:57 PM : <a target=_blank href=screenshots/screenshot_7.png>logout  </a>  </system-out>
  <testcase name="verifyLoginWithInvalidCredentials" time="20.597" classname="com.internetapp.tests.Login"/>
  <system-out>
27-Jun-2020 03:46:32 PM : <a target=_blank href=screenshots/screenshot_1.png>login  </a> 27-Jun-2020 03:46:32 PM : sample log 27-Jun-2020 03:46:35 PM : <a target=_blank href=screenshots/screenshot_2.png>login successful  </a> 27-Jun-2020 03:46:35 PM : <a target=_blank href=screenshots/screenshot_3.png>assert  </a>  </system-out>
</testsuite> <!-- com.internetapp.tests.Login -->
